<?xml version="1.0" encoding="UTF-8"?>
<!-- Generated by org.testng.reporters.JUnitReportReporter -->
<testsuite hostname="DGL061-DM-DINESH" failures="0" tests="1" name="scripts.TestCase02" time="9.800" errors="0" timestamp="2023-09-23T14:56:20 IST" skipped="0">
  <testcase classname="scripts.TestCase02" name="tc2" time="9.800"/>
  <system-out/>
</testsuite> <!-- scripts.TestCase02 -->
