<?xml version="1.0" encoding="UTF-8"?>
<!-- Generated by org.testng.reporters.JUnitReportReporter -->
<testsuite hostname="DGL061-DM-DINESH" failures="0" tests="1" name="scripts.TestCase03" time="19.274" errors="0" timestamp="2023-09-23T14:56:20 IST" skipped="0">
  <testcase classname="scripts.TestCase03" name="tc3" time="19.274"/>
  <system-out/>
</testsuite> <!-- scripts.TestCase03 -->
